GROUP,PACKAGE,CLASS,INSTRUCTION_MISSED,INSTRUCTION_COVERED,BRANCH_MISSED,BRANCH_COVERED,LINE_MISSED,LINE_COVERED,COMPLEXITY_MISSED,COMPLEXITY_COVERED,METHOD_MISSED,METHOD_COVERED
Fences Rule,com.google.security.fences,RecordingLog.new Object() {...},33,0,0,0,1,0,1,0,1,0
Fences Rule,com.google.security.fences,FencesMavenEnforcerRule.new LazyString() {...},17,0,0,0,2,0,2,0,2,0
Fences Rule,com.google.security.fences,FencesMavenEnforcerRule,650,0,36,0,168,0,32,0,14,0
Fences Rule,com.google.security.fences,FencesMavenEnforcerRule.new Object() {...},12,0,0,0,1,0,1,0,1,0
Fences Rule,com.google.security.fences,FencesMavenEnforcerRule.ArtifactFindingsHash,144,0,6,0,39,0,9,0,6,0
Fences Rule,com.google.security.fences,RecordingLog,207,0,0,0,47,0,19,0,19,0
Fences Rule,com.google.security.fences,FencesMavenEnforcerRule.HashedResult,59,0,2,0,18,0,7,0,6,0
Fences Rule,com.google.security.fences,RecordingLog.Level,58,0,0,0,5,0,4,0,4,0
Fences Rule,com.google.security.fences,RecordingLog.Entry,182,0,15,0,47,0,16,0,7,0
